Test: cowsay
Status: FAILURE
Command: python3 say.py Hello from the testing framework!
Environment:
  OTHERTHING=again
Return code: 1
Start time: 2025-08-31 16:36:11.317276
End time: 2025-08-31 16:36:11.367415

--- STDOUT ---


--- STDERR ---
Traceback (most recent call last):
  File "/Users/n/projects/boa/regression_testing_framework/say.py", line 3, in <module>
    import cowsay
ModuleNotFoundError: No module named 'cowsay'
